[28-Dec-2022 07:25:41 UTC] PHP Fatal error:  Uncaught Error: Call to undefined function data() in /Users/hamada_pc/Local Sites/mysite/app/public/wp-content/themes/myblog/index.php:28
Stack trace:
#0 /Users/hamada_pc/Local Sites/mysite/app/public/wp-includes/template-loader.php(106): include()
#1 /Users/hamada_pc/Local Sites/mysite/app/public/wp-blog-header.php(19): require_once('/Users/hamada_p...')
#2 /Users/hamada_pc/Local Sites/mysite/app/public/index.php(17): require('/Users/hamada_p...')
#3 {main}
  thrown in /Users/hamada_pc/Local Sites/mysite/app/public/wp-content/themes/myblog/index.php on line 28
[28-Dec-2022 07:47:43 UTC] PHP Parse error:  syntax error, unexpected variable "$title", expecting ")" in /Users/hamada_pc/Local Sites/mysite/app/public/wp-content/themes/myblog/index.php on line 80
[28-Dec-2022 07:47:44 UTC] PHP Parse error:  syntax error, unexpected variable "$title", expecting ")" in /Users/hamada_pc/Local Sites/mysite/app/public/wp-content/themes/myblog/index.php on line 80
[28-Dec-2022 07:47:45 UTC] PHP Parse error:  syntax error, unexpected variable "$title", expecting ")" in /Users/hamada_pc/Local Sites/mysite/app/public/wp-content/themes/myblog/index.php on line 80
[28-Dec-2022 07:48:23 UTC] PHP Parse error:  syntax error, unexpected variable "$title", expecting ")" in /Users/hamada_pc/Local Sites/mysite/app/public/wp-content/themes/myblog/index.php on line 80
[28-Dec-2022 07:48:23 UTC] PHP Parse error:  syntax error, unexpected variable "$title", expecting ")" in /Users/hamada_pc/Local Sites/mysite/app/public/wp-content/themes/myblog/index.php on line 80
[28-Dec-2022 08:13:09 UTC] PHP Fatal error:  Uncaught Error: Call to undefined function have_poste() in /Users/hamada_pc/Local Sites/mysite/app/public/wp-content/themes/myblog/index.php:76
Stack trace:
#0 /Users/hamada_pc/Local Sites/mysite/app/public/wp-includes/template-loader.php(106): include()
#1 /Users/hamada_pc/Local Sites/mysite/app/public/wp-blog-header.php(19): require_once('/Users/hamada_p...')
#2 /Users/hamada_pc/Local Sites/mysite/app/public/index.php(17): require('/Users/hamada_p...')
#3 {main}
  thrown in /Users/hamada_pc/Local Sites/mysite/app/public/wp-content/themes/myblog/index.php on line 76
[28-Dec-2022 08:13:09 UTC] PHP Fatal error:  Uncaught Error: Call to undefined function have_poste() in /Users/hamada_pc/Local Sites/mysite/app/public/wp-content/themes/myblog/index.php:76
Stack trace:
#0 /Users/hamada_pc/Local Sites/mysite/app/public/wp-includes/template-loader.php(106): include()
#1 /Users/hamada_pc/Local Sites/mysite/app/public/wp-blog-header.php(19): require_once('/Users/hamada_p...')
#2 /Users/hamada_pc/Local Sites/mysite/app/public/index.php(17): require('/Users/hamada_p...')
#3 {main}
  thrown in /Users/hamada_pc/Local Sites/mysite/app/public/wp-content/themes/myblog/index.php on line 76
[28-Dec-2022 08:13:58 UTC] PHP Fatal error:  Uncaught Error: Call to undefined function have_poste() in /Users/hamada_pc/Local Sites/mysite/app/public/wp-content/themes/myblog/index.php:76
Stack trace:
#0 /Users/hamada_pc/Local Sites/mysite/app/public/wp-includes/template-loader.php(106): include()
#1 /Users/hamada_pc/Local Sites/mysite/app/public/wp-blog-header.php(19): require_once('/Users/hamada_p...')
#2 /Users/hamada_pc/Local Sites/mysite/app/public/index.php(17): require('/Users/hamada_p...')
#3 {main}
  thrown in /Users/hamada_pc/Local Sites/mysite/app/public/wp-content/themes/myblog/index.php on line 76
[28-Dec-2022 08:13:59 UTC] PHP Fatal error:  Uncaught Error: Call to undefined function have_poste() in /Users/hamada_pc/Local Sites/mysite/app/public/wp-content/themes/myblog/index.php:76
Stack trace:
#0 /Users/hamada_pc/Local Sites/mysite/app/public/wp-includes/template-loader.php(106): include()
#1 /Users/hamada_pc/Local Sites/mysite/app/public/wp-blog-header.php(19): require_once('/Users/hamada_p...')
#2 /Users/hamada_pc/Local Sites/mysite/app/public/index.php(17): require('/Users/hamada_p...')
#3 {main}
  thrown in /Users/hamada_pc/Local Sites/mysite/app/public/wp-content/themes/myblog/index.php on line 76
[28-Dec-2022 08:14:02 UTC] PHP Fatal error:  Uncaught Error: Call to undefined function have_poste() in /Users/hamada_pc/Local Sites/mysite/app/public/wp-content/themes/myblog/index.php:76
Stack trace:
#0 /Users/hamada_pc/Local Sites/mysite/app/public/wp-includes/template-loader.php(106): include()
#1 /Users/hamada_pc/Local Sites/mysite/app/public/wp-blog-header.php(19): require_once('/Users/hamada_p...')
#2 /Users/hamada_pc/Local Sites/mysite/app/public/index.php(17): require('/Users/hamada_p...')
#3 {main}
  thrown in /Users/hamada_pc/Local Sites/mysite/app/public/wp-content/themes/myblog/index.php on line 76
[28-Dec-2022 08:14:03 UTC] PHP Fatal error:  Uncaught Error: Call to undefined function have_poste() in /Users/hamada_pc/Local Sites/mysite/app/public/wp-content/themes/myblog/index.php:76
Stack trace:
#0 /Users/hamada_pc/Local Sites/mysite/app/public/wp-includes/template-loader.php(106): include()
#1 /Users/hamada_pc/Local Sites/mysite/app/public/wp-blog-header.php(19): require_once('/Users/hamada_p...')
#2 /Users/hamada_pc/Local Sites/mysite/app/public/index.php(17): require('/Users/hamada_p...')
#3 {main}
  thrown in /Users/hamada_pc/Local Sites/mysite/app/public/wp-content/themes/myblog/index.php on line 76
[10-Jan-2023 07:18:31 UTC] PHP Parse error:  syntax error, unexpected token "endwhile" in /Users/hamada_pc/Local Sites/mysite/app/public/wp-content/themes/myblog/single.php on line 50
[11-Jan-2023 03:45:54 UTC] PHP Parse error:  syntax error, unexpected token "if", expecting ":" in /Users/hamada_pc/Local Sites/mysite/app/public/wp-content/themes/myblog/archive.php on line 19
[11-Jan-2023 03:46:02 UTC] PHP Parse error:  syntax error, unexpected token "if", expecting ":" in /Users/hamada_pc/Local Sites/mysite/app/public/wp-content/themes/myblog/archive.php on line 19
[11-Jan-2023 05:55:06 UTC] PHP Parse error:  syntax error, unexpected end of file in /Users/hamada_pc/Local Sites/mysite/app/public/wp-content/themes/myblog/includes/header.php on line 29
[11-Jan-2023 05:55:07 UTC] PHP Parse error:  syntax error, unexpected end of file in /Users/hamada_pc/Local Sites/mysite/app/public/wp-content/themes/myblog/includes/header.php on line 29
